<?xml version="1.0" encoding="UTF-8"?>
<testsuite xmlns:xsi="http://www.w3.org/2001/XMLSchema-instance" xsi:noNamespaceSchemaLocation="https://maven.apache.org/surefire/maven-surefire-plugin/xsd/surefire-test-report-3.0.xsd" version="3.0" name="com.imperium.ims.ImperiumApplicationTests" time="4.557" tests="1" errors="0" skipped="0" failures="0">
  <properties>
[...]
</properties>
  <testcase name="contextLoads" classname="com.imperium.ims.ImperiumApplicationTests" time="0.021">
    <system-out><![CDATA[2026-07-20T20:17:19.784+05:30  INFO 15444 --- [imperium-ims] [           main] t.c.s.AnnotationConfigContextLoaderUtils : Could not detect default configuration classes for test class [com.imperium.ims.ImperiumApplicationTests]: ImperiumApplicationTests does not declare any static, non-private, non-final, nested classes annotated with @Configuration.
2026-07-20T20:17:19.786+05:30  INFO 15444 --- [imperium-ims] [           main] .b.t.c.SpringBootTestContextBootstrapper : Found @SpringBootConfiguration com.imperium.ims.ImperiumApplication for test class com.imperium.ims.ImperiumApplicationTests
2026-07-20T20:17:19.790+05:30  INFO 15444 --- [imperium-ims] [           main] o.s.b.d.r.RestartApplicationListener     : Restart disabled due to context in which it is running
  .   ____          _            __ _ _
 /\\ / ___'_ __ _ _(_)_ __  __ _ \ \ \ \
( ( )\___ | '_ | '_| | '_ \/ _` | \ \ \ \
 \\/  ___)| |_)| | | | | || (_| |  ) ) ) )
  '  |____| .__|_| |_|_| |_\__, | / / / /
 =========|_|==============|___/=/_/_/_/

 :: Spring Boot ::                (v3.3.0)

2026-07-20T20:17:19.868+05:30  INFO 15444 --- [imperium-ims] [           main] c.imperium.ims.ImperiumApplicationTests  : Starting ImperiumApplicationTests using Java 21.0.11 with PID 15444 (started by gudep in C:\Users\gudep\Documents\Theimperium\backend)
2026-07-20T20:17:19.871+05:30 DEBUG 15444 --- [imperium-ims] [           main] c.imperium.ims.ImperiumApplicationTests  : Running with Spring Boot v3.3.0, Spring v6.1.8
2026-07-20T20:17:19.871+05:30  INFO 15444 --- [imperium-ims] [           main] c.imperium.ims.ImperiumApplicationTests  : The following 1 profile is active: "dev"
2026-07-20T20:17:20.464+05:30  INFO 15444 --- [imperium-ims] [           main] .s.d.r.c.RepositoryConfigurationDelegate : Bootstrapping Spring Data JPA repositories in DEFAULT mode.
2026-07-20T20:17:20.551+05:30  INFO 15444 --- [imperium-ims] [           main] .s.d.r.c.RepositoryConfigurationDelegate : Finished Spring Data repository scanning in 85 ms. Found 13 JPA repository interfaces.
2026-07-20T20:17:20.854+05:30  INFO 15444 --- [imperium-ims] [           main] com.zaxxer.hikari.HikariDataSource       : ImperiumHikariPool - Starting...
2026-07-20T20:17:20.859+05:30  INFO 15444 --- [imperium-ims] [           main] com.zaxxer.hikari.pool.HikariPool        : ImperiumHikariPool - Added connection com.mysql.cj.jdbc.ConnectionImpl@7eafade1
2026-07-20T20:17:20.860+05:30  INFO 15444 --- [imperium-ims] [           main] com.zaxxer.hikari.HikariDataSource       : ImperiumHikariPool - Start completed.
2026-07-20T20:17:20.866+05:30  INFO 15444 --- [imperium-ims] [           main] org.flywaydb.core.FlywayExecutor         : Database: jdbc:mysql://localhost:3306/imperium_dev (MySQL 8.0)
2026-07-20T20:17:20.904+05:30  INFO 15444 --- [imperium-ims] [           main] o.f.core.internal.command.DbValidate     : Successfully validated 32 migrations (execution time 00:00.030s)
2026-07-20T20:17:20.918+05:30  INFO 15444 --- [imperium-ims] [           main] o.f.core.internal.command.DbMigrate      : Current version of schema `imperium_dev`: 33
2026-07-20T20:17:20.918+05:30  INFO 15444 --- [imperium-ims] [           main] o.f.core.internal.command.DbMigrate      : Schema `imperium_dev` is up to date. No migration necessary.
2026-07-20T20:17:21.044+05:30  INFO 15444 --- [imperium-ims] [           main] o.hibernate.jpa.internal.util.LogHelper  : HHH000204: Processing PersistenceUnitInfo [name: default]
2026-07-20T20:17:21.064+05:30  INFO 15444 --- [imperium-ims] [           main] o.h.c.internal.RegionFactoryInitiator    : HHH000026: Second-level cache disabled
2026-07-20T20:17:21.098+05:30  INFO 15444 --- [imperium-ims] [           main] o.s.o.j.p.SpringPersistenceUnitInfo      : No LoadTimeWeaver setup: ignoring JPA class transformer
2026-07-20T20:17:21.102+05:30  WARN 15444 --- [imperium-ims] [           main] org.hibernate.orm.deprecation            : HHH90000025: MySQLDialect does not need to be specified explicitly using 'hibernate.dialect' (remove the property setting and it will be selected by default)
2026-07-20T20:17:21.102+05:30 DEBUG 15444 --- [imperium-ims] [           main] o.h.t.d.sql.spi.DdlTypeRegistry          : addDescriptor(12, org.hibernate.type.descriptor.sql.internal.CapacityDependentDdlType@2497e6d3) replaced previous registration(org.hibernate.type.descriptor.sql.internal.CapacityDependentDdlType@3930afed)
2026-07-20T20:17:21.102+05:30 DEBUG 15444 --- [imperium-ims] [           main] o.h.t.d.sql.spi.DdlTypeRegistry          : addDescriptor(-9, org.hibernate.type.descriptor.sql.internal.CapacityDependentDdlType@5899082a) replaced previous registration(org.hibernate.type.descriptor.sql.internal.CapacityDependentDdlType@75b180d0)
2026-07-20T20:17:21.102+05:30 DEBUG 15444 --- [imperium-ims] [           main] o.h.t.d.sql.spi.DdlTypeRegistry          : addDescriptor(-3, org.hibernate.type.descriptor.sql.internal.CapacityDependentDdlType@6e0b41cb) replaced previous registration(org.hibernate.type.descriptor.sql.internal.CapacityDependentDdlType@52f8d420)
2026-07-20T20:17:21.102+05:30 DEBUG 15444 --- [imperium-ims] [           main] o.h.t.d.sql.spi.DdlTypeRegistry          : addDescriptor(4003, org.hibernate.type.descriptor.sql.internal.DdlTypeImpl@42b05e0d) replaced previous registration(org.hibernate.type.descriptor.sql.internal.DdlTypeImpl@3b7ef18b)
2026-07-20T20:17:21.102+05:30 DEBUG 15444 --- [imperium-ims] [           main] o.h.t.d.sql.spi.DdlTypeRegistry          : addDescriptor(4001, org.hibernate.type.descriptor.sql.internal.DdlTypeImpl@fcffa36) replaced previous registration(org.hibernate.type.descriptor.sql.internal.DdlTypeImpl@1b02763b)
2026-07-20T20:17:21.102+05:30 DEBUG 15444 --- [imperium-ims] [           main] o.h.t.d.sql.spi.DdlTypeRegistry          : addDescriptor(4002, org.hibernate.type.descriptor.sql.internal.DdlTypeImpl@5b021360) replaced previous registration(org.hibernate.type.descriptor.sql.internal.DdlTypeImpl@17bc5322)
2026-07-20T20:17:21.104+05:30 DEBUG 15444 --- [imperium-ims] [           main] o.h.t.d.sql.spi.DdlTypeRegistry          : addDescriptor(2004, org.hibernate.type.descriptor.sql.internal.CapacityDependentDdlType@67d215a9) replaced previous registration(org.hibernate.type.descriptor.sql.internal.DdlTypeImpl@6fe914c6)
2026-07-20T20:17:21.104+05:30 DEBUG 15444 --- [imperium-ims] [           main] o.h.t.d.sql.spi.DdlTypeRegistry          : addDescriptor(2005, org.hibernate.type.descriptor.sql.internal.CapacityDependentDdlType@24bb9348) replaced previous registration(org.hibernate.type.descriptor.sql.internal.DdlTypeImpl@51ebe1be)
2026-07-20T20:17:21.104+05:30 DEBUG 15444 --- [imperium-ims] [           main] o.h.t.d.sql.spi.DdlTypeRegistry          : addDescriptor(2011, org.hibernate.type.descriptor.sql.internal.CapacityDependentDdlType@26e3d977) replaced previous registration(org.hibernate.type.descriptor.sql.internal.DdlTypeImpl@18ba649)
2026-07-20T20:17:21.612+05:30  INFO 15444 --- [imperium-ims] [           main] o.h.e.t.j.p.i.JtaPlatformInitiator       : HHH000489: No JTA platform available (set 'hibernate.transaction.jta.platform' to enable JTA platform integration)
2026-07-20T20:17:21.631+05:30  INFO 15444 --- [imperium-ims] [           main] j.LocalContainerEntityManagerFactoryBean : Initialized JPA EntityManagerFactory for persistence unit 'default'
2026-07-20T20:17:22.773+05:30  WARN 15444 --- [imperium-ims] [           main] JpaBaseConfiguration$JpaWebConfiguration : spring.jpa.open-in-view is enabled by default. Therefore, database queries may be performed during view rendering. Explicitly configure spring.jpa.open-in-view to disable this warning
2026-07-20T20:17:22.822+05:30  INFO 15444 --- [imperium-ims] [           main] eAuthenticationProviderManagerConfigurer : Global AuthenticationManager configured with AuthenticationProvider bean with name authenticationProvider
2026-07-20T20:17:22.824+05:30  WARN 15444 --- [imperium-ims] [           main] r$InitializeUserDetailsManagerConfigurer : Global AuthenticationManager configured with an AuthenticationProvider bean. UserDetailsService beans will not be used for username/password login. Consider removing the AuthenticationProvider bean. Alternatively, consider using the UserDetailsService in a manually instantiated DaoAuthenticationProvider.
2026-07-20T20:17:23.165+05:30  INFO 15444 --- [imperium-ims] [           main] o.s.b.a.e.web.EndpointLinksResolver      : Exposing 3 endpoints beneath base path '/actuator'
2026-07-20T20:17:23.262+05:30  INFO 15444 --- [imperium-ims] [           main] o.s.s.web.DefaultSecurityFilterChain     : Will secure any request with [org.springframework.security.web.session.DisableEncodeUrlFilter@23453bf7, org.springframework.security.web.context.request.async.WebAsyncManagerIntegrationFilter@5d65e9d3, org.springframework.security.web.context.SecurityContextHolderFilter@2a46b429, org.springframework.security.web.header.HeaderWriterFilter@128a560a, org.springframework.web.filter.CorsFilter@b7b3c69, org.springframework.security.web.authentication.logout.LogoutFilter@1b25a7a1, com.imperium.ims.security.JwtAuthenticationFilter@1a7e0ff3, org.springframework.security.web.savedrequest.RequestCacheAwareFilter@25c7c589, org.springframework.security.web.servletapi.SecurityContextHolderAwareRequestFilter@209c5364, org.springframework.security.web.authentication.AnonymousAuthenticationFilter@204f3f48, org.springframework.security.web.session.SessionManagementFilter@6fc82142, org.springframework.security.web.access.ExceptionTranslationFilter@10028158, org.springframework.security.web.access.intercept.AuthorizationFilter@603e9af6]
2026-07-20T20:17:24.318+05:30  INFO 15444 --- [imperium-ims] [           main] c.imperium.ims.ImperiumApplicationTests  : Started ImperiumApplicationTests in 4.528 seconds (process running for 22.975)
]]></system-out>
  </testcase>
</testsuite>