<?xml version="1.0" encoding="UTF-8"?>
<testsuite xmlns:xsi="http://www.w3.org/2001/XMLSchema-instance" xsi:noNamespaceSchemaLocation="https://maven.apache.org/surefire/maven-surefire-plugin/xsd/surefire-test-report-3.0.xsd" version="3.0" name="com.imperium.ims.GuestProfileTest" time="17.546" tests="1" errors="0" skipped="0" failures="0">
  <properties>
[...]
</properties>
  <testcase name="testGetGuestProfile" classname="com.imperium.ims.GuestProfileTest" time="0.798">
    <system-out><![CDATA[Standard Commons Logging discovery in action with spring-jcl: please remove commons-logging.jar from classpath in order to avoid potential conflicts
20:17:02.475 [main] INFO org.springframework.test.context.support.AnnotationConfigContextLoaderUtils -- Could not detect default configuration classes for test class [com.imperium.ims.GuestProfileTest]: GuestProfileTest does not declare any static, non-private, non-final, nested classes annotated with @Configuration.
20:17:02.660 [main] INFO org.springframework.boot.test.context.SpringBootTestContextBootstrapper -- Found @SpringBootConfiguration com.imperium.ims.ImperiumApplication for test class com.imperium.ims.GuestProfileTest
20:17:02.982 [main] INFO org.springframework.boot.devtools.restart.RestartApplicationListener -- Restart disabled due to context in which it is running
  .   ____          _            __ _ _
 /\\ / ___'_ __ _ _(_)_ __  __ _ \ \ \ \
( ( )\___ | '_ | '_| | '_ \/ _` | \ \ \ \
 \\/  ___)| |_)| | | | | || (_| |  ) ) ) )
  '  |____| .__|_| |_|_| |_\__, | / / / /
 =========|_|==============|___/=/_/_/_/

 :: Spring Boot ::                (v3.3.0)

2026-07-20T20:17:03.448+05:30  INFO 15444 --- [imperium-ims] [           main] com.imperium.ims.GuestProfileTest        : Starting GuestProfileTest using Java 21.0.11 with PID 15444 (started by gudep in C:\Users\gudep\Documents\Theimperium\backend)
2026-07-20T20:17:03.448+05:30 DEBUG 15444 --- [imperium-ims] [           main] com.imperium.ims.GuestProfileTest        : Running with Spring Boot v3.3.0, Spring v6.1.8
2026-07-20T20:17:03.448+05:30  INFO 15444 --- [imperium-ims] [           main] com.imperium.ims.GuestProfileTest        : The following 1 profile is active: "dev"
2026-07-20T20:17:05.947+05:30  INFO 15444 --- [imperium-ims] [           main] .s.d.r.c.RepositoryConfigurationDelegate : Bootstrapping Spring Data JPA repositories in DEFAULT mode.
2026-07-20T20:17:06.204+05:30  INFO 15444 --- [imperium-ims] [           main] .s.d.r.c.RepositoryConfigurationDelegate : Finished Spring Data repository scanning in 241 ms. Found 13 JPA repository interfaces.
2026-07-20T20:17:08.344+05:30  INFO 15444 --- [imperium-ims] [           main] com.zaxxer.hikari.HikariDataSource       : ImperiumHikariPool - Starting...
2026-07-20T20:17:08.726+05:30  INFO 15444 --- [imperium-ims] [           main] com.zaxxer.hikari.pool.HikariPool        : ImperiumHikariPool - Added connection com.mysql.cj.jdbc.ConnectionImpl@77e6053
2026-07-20T20:17:08.750+05:30  INFO 15444 --- [imperium-ims] [           main] com.zaxxer.hikari.HikariDataSource       : ImperiumHikariPool - Start completed.
2026-07-20T20:17:08.815+05:30  INFO 15444 --- [imperium-ims] [           main] org.flywaydb.core.FlywayExecutor         : Database: jdbc:mysql://localhost:3306/imperium_dev (MySQL 8.0)
2026-07-20T20:17:08.897+05:30  INFO 15444 --- [imperium-ims] [           main] o.f.core.internal.command.DbValidate     : Successfully validated 32 migrations (execution time 00:00.059s)
2026-07-20T20:17:08.918+05:30  INFO 15444 --- [imperium-ims] [           main] o.f.core.internal.command.DbMigrate      : Current version of schema `imperium_dev`: 33
2026-07-20T20:17:08.922+05:30  INFO 15444 --- [imperium-ims] [           main] o.f.core.internal.command.DbMigrate      : Schema `imperium_dev` is up to date. No migration necessary.
2026-07-20T20:17:09.220+05:30  INFO 15444 --- [imperium-ims] [           main] o.hibernate.jpa.internal.util.LogHelper  : HHH000204: Processing PersistenceUnitInfo [name: default]
2026-07-20T20:17:09.299+05:30  INFO 15444 --- [imperium-ims] [           main] org.hibernate.Version                    : HHH000412: Hibernate ORM core version 6.5.2.Final
2026-07-20T20:17:09.337+05:30  INFO 15444 --- [imperium-ims] [           main] o.h.c.internal.RegionFactoryInitiator    : HHH000026: Second-level cache disabled
2026-07-20T20:17:09.687+05:30  INFO 15444 --- [imperium-ims] [           main] o.s.o.j.p.SpringPersistenceUnitInfo      : No LoadTimeWeaver setup: ignoring JPA class transformer
2026-07-20T20:17:09.781+05:30  WARN 15444 --- [imperium-ims] [           main] org.hibernate.orm.deprecation            : HHH90000025: MySQLDialect does not need to be specified explicitly using 'hibernate.dialect' (remove the property setting and it will be selected by default)
2026-07-20T20:17:09.801+05:30 DEBUG 15444 --- [imperium-ims] [           main] o.h.t.d.sql.spi.DdlTypeRegistry          : addDescriptor(12, org.hibernate.type.descriptor.sql.internal.CapacityDependentDdlType@59700156) replaced previous registration(org.hibernate.type.descriptor.sql.internal.CapacityDependentDdlType@1e6e29d6)
2026-07-20T20:17:09.803+05:30 DEBUG 15444 --- [imperium-ims] [           main] o.h.t.d.sql.spi.DdlTypeRegistry          : addDescriptor(-9, org.hibernate.type.descriptor.sql.internal.CapacityDependentDdlType@7359f3ac) replaced previous registration(org.hibernate.type.descriptor.sql.internal.CapacityDependentDdlType@5afa0b1a)
2026-07-20T20:17:09.803+05:30 DEBUG 15444 --- [imperium-ims] [           main] o.h.t.d.sql.spi.DdlTypeRegistry          : addDescriptor(-3, org.hibernate.type.descriptor.sql.internal.CapacityDependentDdlType@3d9cba2) replaced previous registration(org.hibernate.type.descriptor.sql.internal.CapacityDependentDdlType@6c167296)
2026-07-20T20:17:09.803+05:30 DEBUG 15444 --- [imperium-ims] [           main] o.h.t.d.sql.spi.DdlTypeRegistry          : addDescriptor(4003, org.hibernate.type.descriptor.sql.internal.DdlTypeImpl@506e382b) replaced previous registration(org.hibernate.type.descriptor.sql.internal.DdlTypeImpl@5a464be7)
2026-07-20T20:17:09.803+05:30 DEBUG 15444 --- [imperium-ims] [           main] o.h.t.d.sql.spi.DdlTypeRegistry          : addDescriptor(4001, org.hibernate.type.descriptor.sql.internal.DdlTypeImpl@170f0fd6) replaced previous registration(org.hibernate.type.descriptor.sql.internal.DdlTypeImpl@48d24d63)
2026-07-20T20:17:09.803+05:30 DEBUG 15444 --- [imperium-ims] [           main] o.h.t.d.sql.spi.DdlTypeRegistry          : addDescriptor(4002, org.hibernate.type.descriptor.sql.internal.DdlTypeImpl@695c8b32) replaced previous registration(org.hibernate.type.descriptor.sql.internal.DdlTypeImpl@1adec8d)
2026-07-20T20:17:09.803+05:30 DEBUG 15444 --- [imperium-ims] [           main] o.h.t.d.sql.spi.DdlTypeRegistry          : addDescriptor(2004, org.hibernate.type.descriptor.sql.internal.CapacityDependentDdlType@6eb332d1) replaced previous registration(org.hibernate.type.descriptor.sql.internal.DdlTypeImpl@34d0c331)
2026-07-20T20:17:09.803+05:30 DEBUG 15444 --- [imperium-ims] [           main] o.h.t.d.sql.spi.DdlTypeRegistry          : addDescriptor(2005, org.hibernate.type.descriptor.sql.internal.CapacityDependentDdlType@3958db82) replaced previous registration(org.hibernate.type.descriptor.sql.internal.DdlTypeImpl@577f81a0)
2026-07-20T20:17:09.803+05:30 DEBUG 15444 --- [imperium-ims] [           main] o.h.t.d.sql.spi.DdlTypeRegistry          : addDescriptor(2011, org.hibernate.type.descriptor.sql.internal.CapacityDependentDdlType@202d1424) replaced previous registration(org.hibernate.type.descriptor.sql.internal.DdlTypeImpl@1256925b)
2026-07-20T20:17:11.490+05:30  INFO 15444 --- [imperium-ims] [           main] o.h.e.t.j.p.i.JtaPlatformInitiator       : HHH000489: No JTA platform available (set 'hibernate.transaction.jta.platform' to enable JTA platform integration)
2026-07-20T20:17:11.566+05:30  INFO 15444 --- [imperium-ims] [           main] j.LocalContainerEntityManagerFactoryBean : Initialized JPA EntityManagerFactory for persistence unit 'default'
2026-07-20T20:17:12.374+05:30  INFO 15444 --- [imperium-ims] [           main] o.s.d.j.r.query.QueryEnhancerFactory     : Hibernate is in classpath; If applicable, HQL parser will be used.
2026-07-20T20:17:15.600+05:30  WARN 15444 --- [imperium-ims] [           main] JpaBaseConfiguration$JpaWebConfiguration : spring.jpa.open-in-view is enabled by default. Therefore, database queries may be performed during view rendering. Explicitly configure spring.jpa.open-in-view to disable this warning
2026-07-20T20:17:15.729+05:30  INFO 15444 --- [imperium-ims] [           main] eAuthenticationProviderManagerConfigurer : Global AuthenticationManager configured with AuthenticationProvider bean with name authenticationProvider
2026-07-20T20:17:15.731+05:30  WARN 15444 --- [imperium-ims] [           main] r$InitializeUserDetailsManagerConfigurer : Global AuthenticationManager configured with an AuthenticationProvider bean. UserDetailsService beans will not be used for username/password login. Consider removing the AuthenticationProvider bean. Alternatively, consider using the UserDetailsService in a manually instantiated DaoAuthenticationProvider.
2026-07-20T20:17:16.738+05:30  INFO 15444 --- [imperium-ims] [           main] o.s.b.a.e.web.EndpointLinksResolver      : Exposing 3 endpoints beneath base path '/actuator'
2026-07-20T20:17:16.875+05:30  INFO 15444 --- [imperium-ims] [           main] o.s.s.web.DefaultSecurityFilterChain     : Will secure any request with [org.springframework.security.web.session.DisableEncodeUrlFilter@4f2041d5, org.springframework.security.web.context.request.async.WebAsyncManagerIntegrationFilter@67ede99c, org.springframework.security.web.context.SecurityContextHolderFilter@5e6b07c8, org.springframework.security.web.header.HeaderWriterFilter@617dafed, org.springframework.web.filter.CorsFilter@37a6c6b0, org.springframework.security.web.authentication.logout.LogoutFilter@3c49b588, com.imperium.ims.security.JwtAuthenticationFilter@4844ce38, org.springframework.security.web.savedrequest.RequestCacheAwareFilter@581e0883, org.springframework.security.web.servletapi.SecurityContextHolderAwareRequestFilter@7e75dd3a, org.springframework.security.web.authentication.AnonymousAuthenticationFilter@3321734, org.springframework.security.web.session.SessionManagementFilter@51d5a186, org.springframework.security.web.access.ExceptionTranslationFilter@251e8408, org.springframework.security.web.access.intercept.AuthorizationFilter@71e70f8d]
2026-07-20T20:17:18.785+05:30  INFO 15444 --- [imperium-ims] [           main] com.imperium.ims.GuestProfileTest        : Started GuestProfileTest in 15.824 seconds (process running for 17.433)
2026-07-20T20:17:19.743+05:30 DEBUG 15444 --- [imperium-ims] [           main] org.hibernate.SQL                        : 
    select
        a1_0.id,
        a1_0.annual_revenue,
        a1_0.assigned_admin_id,
        a1_0.city,
        a1_0.company,
        a1_0.created_at,
        a1_0.created_by,
        a1_0.deleted,
        a1_0.designation,
        a1_0.email,
        a1_0.event_id,
        a1_0.first_name,
        a1_0.industry,
        a1_0.invitation_number,
        a1_0.last_name,
        a1_0.notes,
        a1_0.phone,
        a1_0.public_id,
        a1_0.referred_by,
        a1_0.reject_reason,
        a1_0.reviewed_at,
        a1_0.reviewer_id,
        a1_0.social_profile_url,
        a1_0.status,
        a1_0.updated_at,
        a1_0.updated_by,
        a1_0.version,
        a1_0.what_value,
        a1_0.why_attend,
        a1_0.years_in_business 
    from
        applications a1_0 
    where
        a1_0.public_id=?
Hibernate: 
    select
        a1_0.id,
        a1_0.annual_revenue,
        a1_0.assigned_admin_id,
        a1_0.city,
        a1_0.company,
        a1_0.created_at,
        a1_0.created_by,
        a1_0.deleted,
        a1_0.designation,
        a1_0.email,
        a1_0.event_id,
        a1_0.first_name,
        a1_0.industry,
        a1_0.invitation_number,
        a1_0.last_name,
        a1_0.notes,
        a1_0.phone,
        a1_0.public_id,
        a1_0.referred_by,
        a1_0.reject_reason,
        a1_0.reviewed_at,
        a1_0.reviewer_id,
        a1_0.social_profile_url,
        a1_0.status,
        a1_0.updated_at,
        a1_0.updated_by,
        a1_0.version,
        a1_0.what_value,
        a1_0.why_attend,
        a1_0.years_in_business 
    from
        applications a1_0 
    where
        a1_0.public_id=?
]]></system-out>
    <system-err><![CDATA[WARNING: A Java agent has been loaded dynamically (C:\Users\gudep\.m2\repository\net\bytebuddy\byte-buddy-agent\1.14.16\byte-buddy-agent-1.14.16.jar)
WARNING: If a serviceability tool is in use, please run with -XX:+EnableDynamicAgentLoading to hide this warning
WARNING: If a serviceability tool is not in use, please run with -Djdk.instrument.traceUsage for more information
WARNING: Dynamic loading of agents will be disallowed by default in a future release
com.imperium.ims.exception.ResourceNotFoundException: Application not found with publicId: 'c90284c8-67f9-4c00-890e-b4321cbf40a0'
	at com.imperium.ims.service.impl.ApplicationServiceImpl.lambda$getGuestProfile$11(ApplicationServiceImpl.java:329)
	at java.base/java.util.Optional.orElseThrow(Optional.java:403)
	at com.imperium.ims.service.impl.ApplicationServiceImpl.getGuestProfile(ApplicationServiceImpl.java:329)
	at java.base/jdk.internal.reflect.DirectMethodHandleAccessor.invoke(DirectMethodHandleAccessor.java:103)
	at java.base/java.lang.reflect.Method.invoke(Method.java:580)
	at org.springframework.aop.support.AopUtils.invokeJoinpointUsingReflection(AopUtils.java:354)
	at org.springframework.aop.framework.ReflectiveMethodInvocation.invokeJoinpoint(ReflectiveMethodInvocation.java:196)
	at org.springframework.aop.framework.ReflectiveMethodInvocation.proceed(ReflectiveMethodInvocation.java:163)
	at org.springframework.aop.framework.CglibAopProxy$CglibMethodInvocation.proceed(CglibAopProxy.java:768)
	at org.springframework.transaction.interceptor.TransactionInterceptor$1.proceedWithInvocation(TransactionInterceptor.java:123)
	at org.springframework.transaction.interceptor.TransactionAspectSupport.invokeWithinTransaction(TransactionAspectSupport.java:392)
	at org.springframework.transaction.interceptor.TransactionInterceptor.invoke(TransactionInterceptor.java:119)
	at org.springframework.aop.framework.ReflectiveMethodInvocation.proceed(ReflectiveMethodInvocation.java:184)
	at org.springframework.aop.framework.CglibAopProxy$CglibMethodInvocation.proceed(CglibAopProxy.java:768)
	at org.springframework.aop.framework.CglibAopProxy$DynamicAdvisedInterceptor.intercept(CglibAopProxy.java:720)
	at com.imperium.ims.service.impl.ApplicationServiceImpl$$SpringCGLIB$$0.getGuestProfile(<generated>)
	at com.imperium.ims.GuestProfileTest.testGetGuestProfile(GuestProfileTest.java:19)
	at java.base/jdk.internal.reflect.DirectMethodHandleAccessor.invoke(DirectMethodHandleAccessor.java:103)
	at java.base/java.lang.reflect.Method.invoke(Method.java:580)
	at org.junit.platform.commons.util.ReflectionUtils.invokeMethod(ReflectionUtils.java:728)
	at org.junit.jupiter.engine.execution.MethodInvocation.proceed(MethodInvocation.java:60)
	at org.junit.jupiter.engine.execution.InvocationInterceptorChain$ValidatingInvocation.proceed(InvocationInterceptorChain.java:131)
	at org.junit.jupiter.engine.extension.TimeoutExtension.intercept(TimeoutExtension.java:156)
	at org.junit.jupiter.engine.extension.TimeoutExtension.interceptTestableMethod(TimeoutExtension.java:147)
	at org.junit.jupiter.engine.extension.TimeoutExtension.interceptTestMethod(TimeoutExtension.java:86)
	at org.junit.jupiter.engine.execution.InterceptingExecutableInvoker$ReflectiveInterceptorCall.lambda$ofVoidMethod$0(InterceptingExecutableInvoker.java:103)
	at org.junit.jupiter.engine.execution.InterceptingExecutableInvoker.lambda$invoke$0(InterceptingExecutableInvoker.java:93)
	at org.junit.jupiter.engine.execution.InvocationInterceptorChain$InterceptedInvocation.proceed(InvocationInterceptorChain.java:106)
	at org.junit.jupiter.engine.execution.InvocationInterceptorChain.proceed(InvocationInterceptorChain.java:64)
	at org.junit.jupiter.engine.execution.InvocationInterceptorChain.chainAndInvoke(InvocationInterceptorChain.java:45)
	at org.junit.jupiter.engine.execution.InvocationInterceptorChain.invoke(InvocationInterceptorChain.java:37)
	at org.junit.jupiter.engine.execution.InterceptingExecutableInvoker.invoke(InterceptingExecutableInvoker.java:92)
	at org.junit.jupiter.engine.execution.InterceptingExecutableInvoker.invoke(InterceptingExecutableInvoker.java:86)
	at org.junit.jupiter.engine.descriptor.TestMethodTestDescriptor.lambda$invokeTestMethod$7(TestMethodTestDescriptor.java:218)
	at org.junit.platform.engine.support.hierarchical.ThrowableCollector.execute(ThrowableCollector.java:73)
	at org.junit.jupiter.engine.descriptor.TestMethodTestDescriptor.invokeTestMethod(TestMethodTestDescriptor.java:214)
	at org.junit.jupiter.engine.descriptor.TestMethodTestDescriptor.execute(TestMethodTestDescriptor.java:139)
	at org.junit.jupiter.engine.descriptor.TestMethodTestDescriptor.execute(TestMethodTestDescriptor.java:69)
	at org.junit.platform.engine.support.hierarchical.NodeTestTask.lambda$executeRecursively$6(NodeTestTask.java:151)
	at org.junit.platform.engine.support.hierarchical.ThrowableCollector.execute(ThrowableCollector.java:73)
	at org.junit.platform.engine.support.hierarchical.NodeTestTask.lambda$executeRecursively$8(NodeTestTask.java:141)
	at org.junit.platform.engine.support.hierarchical.Node.around(Node.java:137)
	at org.junit.platform.engine.support.hierarchical.NodeTestTask.lambda$executeRecursively$9(NodeTestTask.java:139)
	at org.junit.platform.engine.support.hierarchical.ThrowableCollector.execute(ThrowableCollector.java:73)
	at org.junit.platform.engine.support.hierarchical.NodeTestTask.executeRecursively(NodeTestTask.java:138)
	at org.junit.platform.engine.support.hierarchical.NodeTestTask.execute(NodeTestTask.java:95)
	at java.base/java.util.ArrayList.forEach(ArrayList.java:1596)
	at org.junit.platform.engine.support.hierarchical.SameThreadHierarchicalTestExecutorService.invokeAll(SameThreadHierarchicalTestExecutorService.java:41)
	at org.junit.platform.engine.support.hierarchical.NodeTestTask.lambda$executeRecursively$6(NodeTestTask.java:155)
	at org.junit.platform.engine.support.hierarchical.ThrowableCollector.execute(ThrowableCollector.java:73)
	at org.junit.platform.engine.support.hierarchical.NodeTestTask.lambda$executeRecursively$8(NodeTestTask.java:141)
	at org.junit.platform.engine.support.hierarchical.Node.around(Node.java:137)
	at org.junit.platform.engine.support.hierarchical.NodeTestTask.lambda$executeRecursively$9(NodeTestTask.java:139)
	at org.junit.platform.engine.support.hierarchical.ThrowableCollector.execute(ThrowableCollector.java:73)
	at org.junit.platform.engine.support.hierarchical.NodeTestTask.executeRecursively(NodeTestTask.java:138)
	at org.junit.platform.engine.support.hierarchical.NodeTestTask.execute(NodeTestTask.java:95)
	at java.base/java.util.ArrayList.forEach(ArrayList.java:1596)
	at org.junit.platform.engine.support.hierarchical.SameThreadHierarchicalTestExecutorService.invokeAll(SameThreadHierarchicalTestExecutorService.java:41)
	at org.junit.platform.engine.support.hierarchical.NodeTestTask.lambda$executeRecursively$6(NodeTestTask.java:155)
	at org.junit.platform.engine.support.hierarchical.ThrowableCollector.execute(ThrowableCollector.java:73)
	at org.junit.platform.engine.support.hierarchical.NodeTestTask.lambda$executeRecursively$8(NodeTestTask.java:141)
	at org.junit.platform.engine.support.hierarchical.Node.around(Node.java:137)
	at org.junit.platform.engine.support.hierarchical.NodeTestTask.lambda$executeRecursively$9(NodeTestTask.java:139)
	at org.junit.platform.engine.support.hierarchical.ThrowableCollector.execute(ThrowableCollector.java:73)
	at org.junit.platform.engine.support.hierarchical.NodeTestTask.executeRecursively(NodeTestTask.java:138)
	at org.junit.platform.engine.support.hierarchical.NodeTestTask.execute(NodeTestTask.java:95)
	at org.junit.platform.engine.support.hierarchical.SameThreadHierarchicalTestExecutorService.submit(SameThreadHierarchicalTestExecutorService.java:35)
	at org.junit.platform.engine.support.hierarchical.HierarchicalTestExecutor.execute(HierarchicalTestExecutor.java:57)
	at org.junit.platform.engine.support.hierarchical.HierarchicalTestEngine.execute(HierarchicalTestEngine.java:54)
	at org.junit.platform.launcher.core.EngineExecutionOrchestrator.execute(EngineExecutionOrchestrator.java:198)
	at org.junit.platform.launcher.core.EngineExecutionOrchestrator.execute(EngineExecutionOrchestrator.java:169)
	at org.junit.platform.launcher.core.EngineExecutionOrchestrator.execute(EngineExecutionOrchestrator.java:93)
	at org.junit.platform.launcher.core.EngineExecutionOrchestrator.lambda$execute$0(EngineExecutionOrchestrator.java:58)
	at org.junit.platform.launcher.core.EngineExecutionOrchestrator.withInterceptedStreams(EngineExecutionOrchestrator.java:141)
	at org.junit.platform.launcher.core.EngineExecutionOrchestrator.execute(EngineExecutionOrchestrator.java:57)
	at org.junit.platform.launcher.core.DefaultLauncher.execute(DefaultLauncher.java:103)
	at org.junit.platform.launcher.core.DefaultLauncher.execute(DefaultLauncher.java:85)
	at org.junit.platform.launcher.core.DelegatingLauncher.execute(DelegatingLauncher.java:47)
	at org.apache.maven.surefire.junitplatform.LazyLauncher.execute(LazyLauncher.java:56)
	at org.apache.maven.surefire.junitplatform.JUnitPlatformProvider.execute(JUnitPlatformProvider.java:184)
	at org.apache.maven.surefire.junitplatform.JUnitPlatformProvider.invokeAllTests(JUnitPlatformProvider.java:148)
	at org.apache.maven.surefire.junitplatform.JUnitPlatformProvider.invoke(JUnitPlatformProvider.java:122)
	at org.apache.maven.surefire.booter.ForkedBooter.runSuitesInProcess(ForkedBooter.java:385)
	at org.apache.maven.surefire.booter.ForkedBooter.execute(ForkedBooter.java:162)
	at org.apache.maven.surefire.booter.ForkedBooter.run(ForkedBooter.java:507)
	at org.apache.maven.surefire.booter.ForkedBooter.main(ForkedBooter.java:495)
]]></system-err>
  </testcase>
</testsuite>